  main.c
e:\c_project\2017-02-21\2017-02-21\main.c(22): error C2224: “.n”的左侧必须具有结构/联合类型
e:\c_project\2017-02-21\2017-02-21\main.c(22): error C2224: “.a”的左侧必须具有结构/联合类型
e:\c_project\2017-02-21\2017-02-21\main.c(22): warning C4473: “printf”: 没有为格式字符串传递足够的参数
  e:\c_project\2017-02-21\2017-02-21\main.c(22): note: 占位符和其参数预计 2 可变参数，但提供的却是 0 参数
  e:\c_project\2017-02-21\2017-02-21\main.c(22): note: 缺失的可变参数 1 为格式字符串“%s”所需
